12:39:54.238 [main] INFO  testCases.TC001_AccountRegistrationTest - ***** Finished TC001_AccountRegistrationTest *****
12:40:00.032 [main] INFO  testCases.TC001_AccountRegistrationTest - ***** Starting TC001_AccountRegistrationTest *****
12:40:00.293 [main] INFO  testCases.TC001_AccountRegistrationTest - Clicked on MyAccount Link
12:40:00.736 [main] INFO  testCases.TC001_AccountRegistrationTest - Clicked on Register Link
12:40:00.736 [main] INFO  testCases.TC001_AccountRegistrationTest - Providing customer details......
12:40:03.709 [main] INFO  testCases.TC001_AccountRegistrationTest - Validating expected message......
12:40:13.730 [main] ERROR testCases.TC001_AccountRegistrationTest - Test failed......
12:40:13.734 [main] DEBUG testCases.TC001_AccountRegistrationTest - Debug logs......
12:40:22.546 [main] DEBUG org.testng.TestNG - suiteXmlPath: "D:\pragathi\course\QafoxV121\crossbrowsertesting.xml"
12:40:22.747 [main] INFO  org.testng.internal.Utils - [TestNG] Running:
  D:\pragathi\course\QafoxV121\crossbrowsertesting.xml

12:40:25.163 [main] INFO  testCases.TC001_AccountRegistrationTest - ***** Starting TC001_AccountRegistrationTest *****
12:40:25.333 [main] INFO  testCases.TC001_AccountRegistrationTest - Clicked on MyAccount Link
12:40:25.683 [main] INFO  testCases.TC001_AccountRegistrationTest - Clicked on Register Link
12:40:25.686 [main] INFO  testCases.TC001_AccountRegistrationTest - Providing customer details......
12:40:26.838 [main] INFO  testCases.TC001_AccountRegistrationTest - Validating expected message......
12:40:26.869 [main] INFO  testCases.TC001_AccountRegistrationTest - ***** Finished TC001_AccountRegistrationTest *****
12:40:29.123 [main] INFO  testCases.TC001_AccountRegistrationTest - ***** Starting TC001_AccountRegistrationTest *****
12:40:29.221 [main] INFO  testCases.TC001_AccountRegistrationTest - Clicked on MyAccount Link
12:40:29.600 [main] INFO  testCases.TC001_AccountRegistrationTest - Clicked on Register Link
12:40:29.600 [main] INFO  testCases.TC001_AccountRegistrationTest - Providing customer details......
12:40:30.860 [main] INFO  testCases.TC001_AccountRegistrationTest - Validating expected message......
12:40:30.889 [main] INFO  testCases.TC001_AccountRegistrationTest - ***** Finished TC001_AccountRegistrationTest *****
12:40:36.329 [main] INFO  testCases.TC001_AccountRegistrationTest - ***** Starting TC001_AccountRegistrationTest *****
12:40:36.595 [main] INFO  testCases.TC001_AccountRegistrationTest - Clicked on MyAccount Link
12:40:37.066 [main] INFO  testCases.TC001_AccountRegistrationTest - Clicked on Register Link
12:40:37.067 [main] INFO  testCases.TC001_AccountRegistrationTest - Providing customer details......
12:40:38.250 [main] INFO  testCases.TC001_AccountRegistrationTest - Validating expected message......
12:40:38.273 [main] INFO  testCases.TC001_AccountRegistrationTest - ***** Finished TC001_AccountRegistrationTest *****
13:08:46.720 [main] DEBUG org.testng.TestNG - suiteXmlPath: "D:\pragathi\course\QafoxV121\crossbrowsertesting.xml"
13:08:46.913 [main] INFO  org.testng.internal.Utils - [TestNG] Running:
  D:\pragathi\course\QafoxV121\crossbrowsertesting.xml

13:08:50.270 [TestNG-tests-1] INFO  testCases.TC001_AccountRegistrationTest - ***** Starting TC001_AccountRegistrationTest *****
13:08:50.362 [TestNG-tests-2] INFO  testCases.TC001_AccountRegistrationTest - ***** Starting TC001_AccountRegistrationTest *****
13:08:50.577 [TestNG-tests-1] INFO  testCases.TC001_AccountRegistrationTest - Clicked on MyAccount Link
13:08:50.642 [TestNG-tests-2] INFO  testCases.TC001_AccountRegistrationTest - Clicked on MyAccount Link
13:08:51.116 [TestNG-tests-1] INFO  testCases.TC001_AccountRegistrationTest - Clicked on Register Link
13:08:51.126 [TestNG-tests-1] INFO  testCases.TC001_AccountRegistrationTest - Providing customer details......
13:08:51.164 [TestNG-tests-2] INFO  testCases.TC001_AccountRegistrationTest - Clicked on Register Link
13:08:51.166 [TestNG-tests-2] INFO  testCases.TC001_AccountRegistrationTest - Providing customer details......
13:08:52.711 [TestNG-tests-1] INFO  testCases.TC001_AccountRegistrationTest - Validating expected message......
13:08:52.895 [TestNG-tests-2] INFO  testCases.TC001_AccountRegistrationTest - Validating expected message......
13:08:53.033 [TestNG-tests-1] INFO  testCases.TC001_AccountRegistrationTest - ***** Finished TC001_AccountRegistrationTest *****
13:08:53.076 [TestNG-tests-2] INFO  testCases.TC001_AccountRegistrationTest - ***** Finished TC001_AccountRegistrationTest *****
13:08:55.199 [TestNG-tests-3] INFO  testCases.TC001_AccountRegistrationTest - ***** Starting TC001_AccountRegistrationTest *****
13:08:55.486 [TestNG-tests-3] INFO  testCases.TC001_AccountRegistrationTest - Clicked on MyAccount Link
13:08:56.028 [TestNG-tests-3] INFO  testCases.TC001_AccountRegistrationTest - Clicked on Register Link
13:08:56.029 [TestNG-tests-3] INFO  testCases.TC001_AccountRegistrationTest - Providing customer details......
