12:52:09.120 [main] DEBUG org.apache.poi.openxml4j.opc.PackageRelationshipCollection - Parsing relationship: /xl/_rels/workbook.xml.rels
12:52:09.123 [main] DEBUG org.apache.poi.openxml4j.opc.PackageRelationshipCollection - Parsing relationship: /xl/worksheets/_rels/sheet1.xml.rels
12:52:09.123 [main] DEBUG org.apache.poi.openxml4j.opc.PackageRelationshipCollection - Parsing relationship: /_rels/.rels
12:52:09.136 [main] DEBUG org.apache.poi.openxml4j.opc.PackageRelationshipCollection - Parsing relationship: /xl/_rels/workbook.xml.rels
12:52:09.137 [main] DEBUG org.apache.poi.openxml4j.opc.PackageRelationshipCollection - Parsing relationship: /xl/worksheets/_rels/sheet1.xml.rels
12:52:09.137 [main] DEBUG org.apache.poi.openxml4j.opc.PackageRelationshipCollection - Parsing relationship: /_rels/.rels
12:52:09.152 [main] DEBUG org.apache.poi.openxml4j.opc.PackageRelationshipCollection - Parsing relationship: /xl/_rels/workbook.xml.rels
12:52:09.152 [main] DEBUG org.apache.poi.openxml4j.opc.PackageRelationshipCollection - Parsing relationship: /xl/worksheets/_rels/sheet1.xml.rels
12:52:09.153 [main] DEBUG org.apache.poi.openxml4j.opc.PackageRelationshipCollection - Parsing relationship: /_rels/.rels
12:52:09.167 [main] DEBUG org.apache.poi.openxml4j.opc.PackageRelationshipCollection - Parsing relationship: /xl/_rels/workbook.xml.rels
12:52:09.168 [main] DEBUG org.apache.poi.openxml4j.opc.PackageRelationshipCollection - Parsing relationship: /xl/worksheets/_rels/sheet1.xml.rels
12:52:09.168 [main] DEBUG org.apache.poi.openxml4j.opc.PackageRelationshipCollection - Parsing relationship: /_rels/.rels
12:52:09.189 [main] INFO  testCases.TC003_LoginDDT - ****** starting TC_003_LoginDDT ******
12:52:13.851 [main] INFO  testCases.TC003_LoginDDT - ****** Finished TC_003_LoginDDT ******
12:52:13.851 [main] INFO  testCases.TC003_LoginDDT - ****** starting TC_003_LoginDDT ******
12:52:18.484 [main] INFO  testCases.TC003_LoginDDT - ****** Finished TC_003_LoginDDT ******
12:52:18.485 [main] INFO  testCases.TC003_LoginDDT - ****** starting TC_003_LoginDDT ******
12:52:22.940 [main] INFO  testCases.TC003_LoginDDT - ****** Finished TC_003_LoginDDT ******
12:52:22.940 [main] INFO  testCases.TC003_LoginDDT - ****** starting TC_003_LoginDDT ******
12:52:36.543 [main] INFO  testCases.TC003_LoginDDT - ****** Finished TC_003_LoginDDT ******
12:52:36.543 [main] INFO  testCases.TC003_LoginDDT - ****** starting TC_003_LoginDDT ******
12:52:41.525 [main] INFO  testCases.TC003_LoginDDT - ****** Finished TC_003_LoginDDT ******
15:26:42.559 [main] DEBUG org.testng.TestNG - suiteXmlPath: "D:\pragathi\course\QafoxV121\grouping.xml"
15:26:42.788 [main] INFO  org.testng.internal.Utils - [TestNG] Running:
  D:\pragathi\course\QafoxV121\grouping.xml

15:26:48.777 [main] INFO  testCases.TC001_AccountRegistrationTest - ***** Starting TC001_AccountRegistrationTest *****
15:26:48.959 [main] INFO  testCases.TC001_AccountRegistrationTest - Clicked on MyAccount Link
15:26:49.321 [main] INFO  testCases.TC001_AccountRegistrationTest - Clicked on Register Link
15:26:49.324 [main] INFO  testCases.TC001_AccountRegistrationTest - Providing customer details......
15:26:50.329 [main] INFO  testCases.TC001_AccountRegistrationTest - Validating expected message......
15:26:50.361 [main] INFO  testCases.TC001_AccountRegistrationTest - ***** Finished TC001_AccountRegistrationTest *****
15:26:52.304 [main] INFO  testCases.TC002_LoginTest - ****** Starting TC_002_LoginTest ******
15:26:53.450 [main] INFO  testCases.TC002_LoginTest - ****** Finished TC_002_LoginTest ******
15:29:31.233 [main] DEBUG org.testng.TestNG - suiteXmlPath: "D:\pragathi\course\QafoxV121\grouping.xml"
15:29:31.473 [main] INFO  org.testng.internal.Utils - [TestNG] Running:
  D:\pragathi\course\QafoxV121\grouping.xml

15:29:34.101 [main] INFO  testCases.TC002_LoginTest - ****** Starting TC_002_LoginTest ******
15:29:35.480 [main] INFO  testCases.TC002_LoginTest - ****** Finished TC_002_LoginTest ******
15:34:54.446 [main] DEBUG org.testng.TestNG - suiteXmlPath: "D:\pragathi\course\QafoxV121\master.xml"
15:34:54.651 [main] INFO  org.testng.internal.Utils - [TestNG] Running:
  D:\pragathi\course\QafoxV121\master.xml

15:34:57.026 [main] INFO  testCases.TC001_AccountRegistrationTest - ***** Starting TC001_AccountRegistrationTest *****
15:34:57.202 [main] INFO  testCases.TC001_AccountRegistrationTest - Clicked on MyAccount Link
15:34:57.547 [main] INFO  testCases.TC001_AccountRegistrationTest - Clicked on Register Link
15:34:57.647 [main] INFO  testCases.TC001_AccountRegistrationTest - Providing customer details......
15:34:58.794 [main] INFO  testCases.TC001_AccountRegistrationTest - Validating expected message......
15:34:58.827 [main] INFO  testCases.TC001_AccountRegistrationTest - ***** Finished TC001_AccountRegistrationTest *****
15:35:00.850 [main] INFO  testCases.TC002_LoginTest - ****** Starting TC_002_LoginTest ******
15:35:05.251 [main] INFO  testCases.TC002_LoginTest - ****** Finished TC_002_LoginTest ******
