22:20:29.661 [main] INFO  testCases.TC001_AccountRegistrationTest - Clicked on MyAccount Link
22:20:30.205 [main] INFO  testCases.TC001_AccountRegistrationTest - Clicked on Register Link
22:20:30.209 [main] INFO  testCases.TC001_AccountRegistrationTest - Providing customer details......
22:20:31.974 [main] INFO  testCases.TC001_AccountRegistrationTest - Validating expected message......
22:20:32.059 [main] INFO  testCases.TC001_AccountRegistrationTest - ***** Finished TC001_AccountRegistrationTest *****
22:20:34.905 [main] INFO  testCases.TC002_LoginTest - ****** Starting TC_002_LoginTest ******
22:20:36.708 [main] INFO  testCases.TC002_LoginTest - ****** Finished TC_002_LoginTest ******
22:20:45.410 [main] INFO  testCases.TC001_AccountRegistrationTest - ***** Starting TC001_AccountRegistrationTest *****
22:20:45.948 [main] INFO  testCases.TC001_AccountRegistrationTest - Clicked on MyAccount Link
22:20:46.548 [main] INFO  testCases.TC001_AccountRegistrationTest - Clicked on Register Link
22:20:46.549 [main] INFO  testCases.TC001_AccountRegistrationTest - Providing customer details......
22:20:48.230 [main] INFO  testCases.TC001_AccountRegistrationTest - Validating expected message......
22:20:48.271 [main] INFO  testCases.TC001_AccountRegistrationTest - ***** Finished TC001_AccountRegistrationTest *****
22:20:55.192 [main] INFO  testCases.TC002_LoginTest - ****** Starting TC_002_LoginTest ******
22:20:56.591 [main] INFO  testCases.TC002_LoginTest - ****** Finished TC_002_LoginTest ******
23:08:05.195 [main] DEBUG org.testng.TestNG - suiteXmlPath: "D:\pragathi\course\QafoxV121\grid-docker.xml"
23:08:05.626 [main] INFO  org.testng.internal.Utils - [TestNG] Running:
  D:\pragathi\course\QafoxV121\grid-docker.xml

23:08:11.304 [main] INFO  testCases.TC001_AccountRegistrationTest - ***** Starting TC001_AccountRegistrationTest *****
23:08:11.587 [main] INFO  testCases.TC001_AccountRegistrationTest - Clicked on MyAccount Link
23:08:12.098 [main] INFO  testCases.TC001_AccountRegistrationTest - Clicked on Register Link
23:08:12.101 [main] INFO  testCases.TC001_AccountRegistrationTest - Providing customer details......
23:08:14.184 [main] INFO  testCases.TC001_AccountRegistrationTest - Validating expected message......
23:08:14.242 [main] INFO  testCases.TC001_AccountRegistrationTest - ***** Finished TC001_AccountRegistrationTest *****
23:08:17.156 [main] INFO  testCases.TC002_LoginTest - ****** Starting TC_002_LoginTest ******
23:08:19.348 [main] INFO  testCases.TC002_LoginTest - ****** Finished TC_002_LoginTest ******
23:08:29.872 [main] INFO  testCases.TC001_AccountRegistrationTest - ***** Starting TC001_AccountRegistrationTest *****
23:08:30.189 [main] INFO  testCases.TC001_AccountRegistrationTest - Clicked on MyAccount Link
23:08:30.847 [main] INFO  testCases.TC001_AccountRegistrationTest - Clicked on Register Link
23:08:30.847 [main] INFO  testCases.TC001_AccountRegistrationTest - Providing customer details......
23:08:32.219 [main] INFO  testCases.TC001_AccountRegistrationTest - Validating expected message......
23:08:32.259 [main] INFO  testCases.TC001_AccountRegistrationTest - ***** Finished TC001_AccountRegistrationTest *****
23:08:39.257 [main] INFO  testCases.TC002_LoginTest - ****** Starting TC_002_LoginTest ******
23:08:40.725 [main] INFO  testCases.TC002_LoginTest - ****** Finished TC_002_LoginTest ******
23:23:19.230 [main] DEBUG org.testng.TestNG - suiteXmlPath: "D:\pragathi\course\QafoxV121\master.xml"
23:23:19.479 [main] INFO  org.testng.internal.Utils - [TestNG] Running:
  D:\pragathi\course\QafoxV121\master.xml

23:23:26.650 [main] INFO  testCases.TC001_AccountRegistrationTest - ***** Starting TC001_AccountRegistrationTest *****
23:23:26.878 [main] INFO  testCases.TC001_AccountRegistrationTest - Clicked on MyAccount Link
23:23:27.311 [main] INFO  testCases.TC001_AccountRegistrationTest - Clicked on Register Link
23:23:27.313 [main] INFO  testCases.TC001_AccountRegistrationTest - Providing customer details......
23:23:28.468 [main] INFO  testCases.TC001_AccountRegistrationTest - Validating expected message......
23:23:28.507 [main] INFO  testCases.TC001_AccountRegistrationTest - ***** Finished TC001_AccountRegistrationTest *****
23:23:30.735 [main] INFO  testCases.TC002_LoginTest - ****** Starting TC_002_LoginTest ******
23:23:32.175 [main] INFO  testCases.TC002_LoginTest - ****** Finished TC_002_LoginTest ******
23:24:00.454 [main] DEBUG org.testng.TestNG - suiteXmlPath: "D:\pragathi\course\QafoxV121\master.xml"
23:24:04.609 [main] INFO  testCases.TC001_AccountRegistrationTest - ***** Starting TC001_AccountRegistrationTest *****
23:24:04.871 [main] INFO  testCases.TC001_AccountRegistrationTest - Clicked on MyAccount Link
23:24:05.366 [main] INFO  testCases.TC001_AccountRegistrationTest - Clicked on Register Link
23:24:05.373 [main] INFO  testCases.TC001_AccountRegistrationTest - Providing customer details......
23:24:06.891 [main] INFO  testCases.TC001_AccountRegistrationTest - Validating expected message......
